[debug] [2022-08-09T11:19:22.863Z] ----------------------------------------------------------------------
[debug] [2022-08-09T11:19:22.865Z] Command:       C:\Program Files\nodejs\node.exe C:\Users\bisho\AppData\Roaming\npm\node_modules\firebase-tools\lib\bin\firebase.js init
[debug] [2022-08-09T11:19:22.866Z] CLI Version:   11.5.0
[debug] [2022-08-09T11:19:22.866Z] Platform:      win32
[debug] [2022-08-09T11:19:22.866Z] Node Version:  v16.14.0
[debug] [2022-08-09T11:19:22.867Z] Time:          Tue Aug 09 2022 13:19:22 GMT+0200 (Eastern European Standard Time)
[debug] [2022-08-09T11:19:22.867Z] ----------------------------------------------------------------------
[debug] 
[debug] [2022-08-09T11:19:22.873Z] > command requires scopes: ["email","openid","https://www.googleapis.com/auth/cloudplatformprojects.readonly","https://www.googleapis.com/auth/firebase","https://www.googleapis.com/auth/cloud-platform"]
[debug] [2022-08-09T11:19:22.874Z] > authorizing via signed-in user (bishoyrafat951@gmail.com)
[info] 
     ######## #### ########  ######## ########     ###     ######  ########
     ##        ##  ##     ## ##       ##     ##  ##   ##  ##       ##
     ######    ##  ########  ######   ########  #########  ######  ######
     ##        ##  ##    ##  ##       ##     ## ##     ##       ## ##
     ##       #### ##     ## ######## ########  ##     ##  ######  ########

You're about to initialize a Firebase project in this directory:

  C:\Users\bisho\Desktop\My-Store_Nanodegree

[info] 
=== Project Setup
[info] 
[info] First, let's associate this project directory with a Firebase project.
[info] You can create multiple project aliases by running firebase use --add, 
[info] but for now we'll just set up a default project.
[info] 
[debug] [2022-08-09T11:19:30.755Z] >>> [apiv2][query] GET https://firebase.googleapis.com/v1beta1/projects pageSize=100
[debug] [2022-08-09T11:19:31.378Z] <<< [apiv2][status] GET https://firebase.googleapis.com/v1beta1/projects 200
[debug] [2022-08-09T11:19:31.379Z] <<< [apiv2][body] GET https://firebase.googleapis.com/v1beta1/projects [omitted]
